<?xml version="1.0" encoding="UTF-8"?>
<!-- Generated by org.testng.reporters.JUnitReportReporter -->
<testsuite hostname="DESKTOP-G9RS278" failures="0" tests="2" name="day10.Task4" time="18.374" errors="0" timestamp="2023-05-04T10:14:32 IST" skipped="0">
  <testcase classname="day10.Task4" name="Test2" time="0.162"/>
  <system-out/>
  <testcase classname="day10.Task4" name="Test1" time="18.212"/>
  <system-out/>
</testsuite> <!-- day10.Task4 -->
