<?xml version="1.0" encoding="UTF-8"?>
<!-- Generated by org.testng.reporters.JUnitReportReporter -->
<testsuite hostname="DESKTOP-G9RS278" failures="0" tests="2" name="day10.ce12" time="42.976" errors="0" timestamp="2023-05-04T09:29:51 IST" skipped="0">
  <testcase classname="day10.ce12" name="Test1" time="21.004"/>
  <system-out/>
  <testcase classname="day10.ce12" name="Test2" time="21.972"/>
  <system-out/>
</testsuite> <!-- day10.ce12 -->
