<?xml version="1.0" encoding="UTF-8"?>
<!-- Generated by org.testng.reporters.JUnitReportReporter -->
<testsuite hostname="DESKTOP-G9RS278" failures="0" tests="1" name="day10.Task2" time="19.083" errors="0" timestamp="2023-05-04T10:07:18 IST" skipped="0">
  <testcase classname="day10.Task2" name="Test2" time="19.083"/>
  <system-out/>
</testsuite> <!-- day10.Task2 -->
